2017-07-18 09:50:28 START
2017-07-18 09:50:28 Crowbar v0.3.5-dev
2017-07-18 09:50:28 Brute Force Type: rdp
2017-07-18 09:50:28      Output File: /root/Pentestit11/crowbar.out
2017-07-18 09:50:28         Log File: /root/Pentestit11/crowbar.log
2017-07-18 09:50:28    Discover Mode: False
2017-07-18 09:50:28     Verbose Mode: 1
2017-07-18 09:50:28       Debug Mode: False
2017-07-18 09:50:28 Trying 127.0.0.1:33333
2017-07-18 09:50:41 START
2017-07-18 09:50:41 Crowbar v0.3.5-dev
2017-07-18 09:50:41 Brute Force Type: rdp
2017-07-18 09:50:41      Output File: /root/Pentestit11/crowbar.out
2017-07-18 09:50:41         Log File: /root/Pentestit11/crowbar.log
2017-07-18 09:50:41    Discover Mode: False
2017-07-18 09:50:41     Verbose Mode: 1
2017-07-18 09:50:41       Debug Mode: False
2017-07-18 09:50:41 Trying 127.0.0.1:33333
2017-07-18 09:50:53 [92mRDP-SUCCESS : [0m[94m127.0.0.1:33333 - arm554:tiger[0m
2017-11-15 16:25:49 START
2017-11-15 16:25:49 Crowbar v0.3.5-dev
2017-11-15 16:25:49 Brute Force Type: rdp
2017-11-15 16:25:49      Output File: /root/Pentestit11/crowbar.out
2017-11-15 16:25:49         Log File: /root/Pentestit11/crowbar.log
2017-11-15 16:25:49    Discover Mode: False
2017-11-15 16:25:49     Verbose Mode: 1
2017-11-15 16:25:49       Debug Mode: False
2017-11-15 16:25:49 Trying 127.0.0.1:33333
2017-11-15 16:26:13 START
2017-11-15 16:26:13 Crowbar v0.3.5-dev
2017-11-15 16:26:13 Brute Force Type: rdp
2017-11-15 16:26:13      Output File: /root/Pentestit11/crowbar.out
2017-11-15 16:26:13         Log File: /root/Pentestit11/crowbar.log
2017-11-15 16:26:13    Discover Mode: False
2017-11-15 16:26:13     Verbose Mode: 1
2017-11-15 16:26:13       Debug Mode: False
2017-11-15 16:26:13 Trying 127.0.0.1:3389
